<?xml version="1.0" encoding="UTF-8"?>
<!-- Generated by org.testng.reporters.JUnitReportReporter -->
<testsuite hostname="DESKTOP-T5IFU01" failures="0" tests="1" name="RunAndroidClock" time="7.383" errors="0" timestamp="2021-04-15T17:59:57 EET" skipped="0">
  <testcase classname="RunAndroidClock" name="runNativeOnPackage" time="7.383"/>
  <system-out/>
</testsuite> <!-- RunAndroidClock -->
